<?xml version="1.0" encoding="UTF-8"?>
<!-- Generated by org.testng.reporters.JUnitReportReporter -->
<testsuite skipped="0" hostname="DESKTOP-VASIC" name="Project.E2EProject.NavigationBarPresence" tests="1" failures="0" timestamp="2020-07-07T21:52:32 CEST" time="0.090" errors="0">
  <testcase name="validateNavBar" time="0.090" classname="Project.E2EProject.NavigationBarPresence"/>
  <system-out/>
</testsuite> <!-- Project.E2EProject.NavigationBarPresence -->
