<?xml version="1.0" encoding="UTF-8"?>
<!-- Generated by org.testng.reporters.JUnitReportReporter -->
<testsuite skipped="0" hostname="DESKTOP-VASIC" name="Project.E2EProject.HomePage" tests="2" failures="0" timestamp="2020-07-07T21:52:32 CEST" time="7.356" errors="0">
  <testcase name="basePageNavigation" time="2.088" classname="Project.E2EProject.HomePage"/>
  <system-out/>
  <testcase name="basePageNavigation" time="5.268" classname="Project.E2EProject.HomePage"/>
  <system-out/>
</testsuite> <!-- Project.E2EProject.HomePage -->
